============================= test session starts =============================
platform win32 -- Python 3.14.6, pytest-9.1.1, pluggy-1.6.0
rootdir: D:\LEARNING\Internship\AMG\Wind Power\wind_forecasting
plugins: anyio-4.14.2
collected 154 items

tests\test_api.py .........................                              [ 16%]
tests\test_compliance.py .................                               [ 27%]
tests\test_input_manager.py .....................                        [ 40%]
tests\test_inventory.py .......                                          [ 45%]
tests\test_p2_api.py ...........                                         [ 52%]
tests\test_pipeline_integration.py .........................             [ 68%]
tests\test_regression.py ..                                              [ 70%]
tests\test_review_evidence.py .........................                  [ 86%]
tests\test_wind_forecasting.py .....................                     [100%]

============================== warnings summary ===============================
C:\Users\ASUS\AppData\Roaming\Python\Python314\site-packages\fastapi\testclient.py:1
  C:\Users\ASUS\AppData\Roaming\Python\Python314\site-packages\fastapi\testclient.py:1: StarletteDeprecationWarning: Using `httpx` with `starlette.testclient` is deprecated; install `httpx2` instead.
    from starlette.testclient import TestClient as TestClient  # noqa

tests/test_compliance.py::test_tb12_analysis_reports_findings
  C:\Users\ASUS\AppData\Roaming\Python\Python314\site-packages\numpy\lib\_function_base_impl.py:3065: RuntimeWarning: invalid value encountered in divide
    c /= stddev[:, None]

tests/test_compliance.py::test_tb12_analysis_reports_findings
  C:\Users\ASUS\AppData\Roaming\Python\Python314\site-packages\numpy\lib\_function_base_impl.py:3066: RuntimeWarning: invalid value encountered in divide
    c /= stddev[None, :]

tests/test_regression.py: 15 warnings
  C:\Users\ASUS\AppData\Roaming\Python\Python314\site-packages\sklearn\utils\validation.py:2749: UserWarning: X does not have valid feature names, but StandardScaler was fitted with feature names
    warnings.warn(

tests/test_review_evidence.py::test_nmae_equals_mae_over_rated_power_percent
  C:\Users\ASUS\AppData\Roaming\Python\Python314\site-packages\sklearn\metrics\_regression.py:1283: UndefinedMetricWarning: R^2 score is not well-defined with less than two samples.
    warnings.warn(msg, UndefinedMetricWarning)

tests/test_review_evidence.py::test_leakage_assertions_pass_on_clean_ridge
  C:\Users\ASUS\AppData\Roaming\Python\Python314\site-packages\sklearn\utils\validation.py:2742: UserWarning: X has feature names, but StandardScaler was fitted without feature names
    warnings.warn(

tests/test_review_evidence.py::test_leakage_assertions_pass_on_clean_ridge
  C:\Users\ASUS\AppData\Roaming\Python\Python314\site-packages\sklearn\utils\validation.py:2742: UserWarning: X has feature names, but Ridge was fitted without feature names
    warnings.warn(

tests/test_review_evidence.py: 23 warnings
  D:\LEARNING\Internship\AMG\Wind Power\wind_forecasting\tests\test_review_evidence.py:589: UserWarning: Could not infer format, so each element will be parsed individually, falling back to `dateutil`. To ensure parsing is consistent and as-expected, please specify a format.
    parsed = pd.to_datetime(sample, errors="coerce")

-- Docs: https://docs.pytest.org/en/stable/how-to/capture-warnings.html
====================== 154 passed, 44 warnings in 44.30s ======================
